<?xml version="1.0" encoding="UTF-8"?>
<!-- Generated by org.testng.reporters.JUnitReportReporter -->
<testsuite hostname="ALPESH-3255" failures="0" tests="2" name="Module1_loginTest.KiteTestClass_TestNG" time="4.405" errors="0" timestamp="2022-09-03T17:00:59 IST" skipped="0">
  <testcase classname="Module1_loginTest.KiteTestClass_TestNG" name="VerifyUserID" time="2.731"/>
  <system-out/>
  <testcase classname="Module1_loginTest.KiteTestClass_TestNG" name="VerifyUserID1" time="1.674"/>
  <system-out/>
</testsuite> <!-- Module1_loginTest.KiteTestClass_TestNG -->
